[debug] > Exec(early(addDefaultCommands), None, None)
[debug] > Exec(addDefaultCommands, None, None)
[debug] > Exec(early(initialize), None, None)
[debug] > Exec(initialize, None, None)
[debug] > Exec(early(addPluginSbtFile="""C:\Users\IW\AppData\Local\Temp\idea.sbt"""), None, None)
[debug] > Exec(addPluginSbtFile="""C:\Users\IW\AppData\Local\Temp\idea.sbt""", None, None)
[debug] > Exec(boot, None, None)
[debug] > Exec(writeSbtVersion, None, None)
[debug] > Exec(reload, None, None)
[debug] > Exec(sbtStashOnFailure, None, None)
[debug] > Exec(onFailure loadFailed, None, None)
[debug] > Exec(loadp, None, None)
[info] welcome to sbt 1.9.8 (Oracle Corporation Java 20)
[debug]       Load.loadUnit: plugins took 122.2174ms
[debug]       Load.loadUnit: defsScala took 0.5215ms
[debug] [Loading] Scanning directory C:\Users\IW\.sbt\1.0\plugins
[debug] [Loading] Found non-root projects 
[debug] [Loading] Done in C:\Users\IW\.sbt\1.0\plugins, returning: ()
[debug] deducing auto plugins based on known facts Set(Atom(sbt.plugins.CorePlugin)) and clauses Clauses(Clause(Atom(sbt.plugins.JvmPlugin),Set(Atom(sbt.plugins.IvyPlugin)))
[debug] Clause(Atom(sbt.ScriptedPlugin),Set(Atom(sbt.plugins.JvmPlugin)))
[debug] Clause(Atom(sbt.plugins.SbtPlugin),Set(Atom(sbt.ScriptedPlugin)))
[debug] Clause(Atom(sbt.plugins.SemanticdbPlugin),Set(Atom(sbt.plugins.JvmPlugin)))
[debug] Clause(Atom(sbt.plugins.JUnitXmlReportPlugin),Set(Atom(sbt.plugins.JvmPlugin)))
[debug] Clause(Atom(sbt.plugins.MiniDependencyTreePlugin),Set(Atom(sbt.plugins.JvmPlugin)))
[debug] Clause(Atom(sbt.plugins.CorePlugin),Set(Atom(sbt.plugins.IvyPlugin)))
[debug] Clause(Atom(sbt.plugins.IvyPlugin),Set(Atom(sbt.plugins.JvmPlugin)))
[debug] Clause(Atom(sbt.plugins.JvmPlugin),Set(Atom(sbt.plugins.SemanticdbPlugin)))
[debug] Clause(Atom(sbt.plugins.JvmPlugin),Set(Atom(sbt.plugins.JUnitXmlReportPlugin)))
[debug] Clause(Atom(sbt.plugins.CorePlugin),Set(Atom(sbt.plugins.Giter8TemplatePlugin)))
[debug] Clause(Atom(sbt.plugins.JvmPlugin),Set(Atom(sbt.plugins.MiniDependencyTreePlugin))))
[debug]   :: deduced result: Matched(sbt.plugins.CorePlugin,sbt.plugins.Giter8TemplatePlugin,sbt.plugins.IvyPlugin,sbt.plugins.JvmPlugin,sbt.plugins.MiniDependencyTreePlugin,sbt.plugins.JUnitXmlReportPlugin,sbt.plugins.SemanticdbPlugin)
[debug] Plugins.deducer#function took 18.0039 ms
[debug]           Load.resolveProject(global-plugins) took 42.6364ms
[debug]         Load.loadTransitive: finalizeProject(Project(id global-plugins, base: C:\Users\IW\.sbt\1.0\plugins, plugins: List(<none>))) took 83.1833ms
[debug] [Loading] Done in C:\Users\IW\.sbt\1.0\plugins, returning: (global-plugins)
[debug]       Load.loadUnit: loadedProjectsRaw took 108.917ms
[debug]       Load.loadUnit: cleanEvalClasses took 0.2102ms
[debug]     Load.loadUnit(file:/C:/Users/IW/.sbt/1.0/plugins/, ...) took 243.6024ms
[debug]   Load.apply: load took 422.6284ms
[debug]   Load.apply: resolveProjects took 8.1067ms
[debug]   Load.apply: finalTransforms took 63.7735ms
[debug]   Load.apply: config.delegates took 6.8512ms
[debug]   Load.apply: Def.make(settings)... took 314.7981ms
[debug]   Load.apply: structureIndex took 86.1109ms
[debug]   Load.apply: mkStreams took 10.8183ms
[info] loading global plugins from C:\Users\IW\.sbt\1.0\plugins
[debug] Running task... Cancel: Signal, check cycles: false, forcegc: true
[debug] Load.defaultLoad until apply took 3428.7394ms
[debug]           Load.loadUnit: plugins took 17.872ms
[debug]           Load.loadUnit: defsScala took 0.0019ms
[debug] [Loading] Scanning directory C:\Users\IW\Desktop\fax\projects\Programming Languages Project\Ludo\LudoGame\project
[debug]             Load.loadUnit: mkEval took 5.1389ms
[debug] [Loading] Found non-root projects 
[debug] [Loading] Done in C:\Users\IW\Desktop\fax\projects\Programming Languages Project\Ludo\LudoGame\project, returning: ()
[debug] deducing auto plugins based on known facts Set(Atom(sbt.plugins.CorePlugin)) and clauses Clauses(Clause(Atom(sbt.plugins.JvmPlugin),Set(Atom(sbt.plugins.IvyPlugin)))
[debug] Clause(Atom(sbt.ScriptedPlugin),Set(Atom(sbt.plugins.JvmPlugin)))
[debug] Clause(Atom(sbt.plugins.SbtPlugin),Set(Atom(sbt.ScriptedPlugin)))
[debug] Clause(Atom(sbt.plugins.SemanticdbPlugin),Set(Atom(sbt.plugins.JvmPlugin)))
[debug] Clause(Atom(sbt.plugins.JUnitXmlReportPlugin),Set(Atom(sbt.plugins.JvmPlugin)))
[debug] Clause(Atom(sbt.plugins.MiniDependencyTreePlugin),Set(Atom(sbt.plugins.JvmPlugin)))
[debug] Clause(Atom(sbt.plugins.CorePlugin),Set(Atom(sbt.plugins.IvyPlugin)))
[debug] Clause(Atom(sbt.plugins.IvyPlugin),Set(Atom(sbt.plugins.JvmPlugin)))
[debug] Clause(Atom(sbt.plugins.JvmPlugin),Set(Atom(sbt.plugins.SemanticdbPlugin)))
[debug] Clause(Atom(sbt.plugins.JvmPlugin),Set(Atom(sbt.plugins.JUnitXmlReportPlugin)))
[debug] Clause(Atom(sbt.plugins.CorePlugin),Set(Atom(sbt.plugins.Giter8TemplatePlugin)))
[debug] Clause(Atom(sbt.plugins.JvmPlugin),Set(Atom(sbt.plugins.MiniDependencyTreePlugin))))
[debug]   :: deduced result: Matched(sbt.plugins.CorePlugin,sbt.plugins.Giter8TemplatePlugin,sbt.plugins.IvyPlugin,sbt.plugins.JvmPlugin,sbt.plugins.MiniDependencyTreePlugin,sbt.plugins.JUnitXmlReportPlugin,sbt.plugins.SemanticdbPlugin)
[debug] Plugins.deducer#function took 1.6654 ms
[info] loading settings for project ludogame-build from idea.sbt ...
[debug]               Load.resolveProject(ludogame-build) took 6.8835ms
[debug]             Load.loadTransitive: finalizeProject(Project(id ludogame-build, base: C:\Users\IW\Desktop\fax\projects\Programming Languages Project\Ludo\LudoGame\project, plugins: List(<none>))) took 9.1439ms
[debug] [Loading] Done in C:\Users\IW\Desktop\fax\projects\Programming Languages Project\Ludo\LudoGame\project, returning: (ludogame-build)
[debug]           Load.loadUnit: loadedProjectsRaw took 2511.3622ms
[debug]           Load.loadUnit: cleanEvalClasses took 6.5443ms
[debug]         Load.loadUnit(file:/C:/Users/IW/Desktop/fax/projects/Programming%20Languages%20Project/Ludo/LudoGame/project/, ...) took 2536.6399ms
[debug]       Load.apply: load took 2538.3036ms
[debug]       Load.apply: resolveProjects took 0.1104ms
[debug]       Load.apply: finalTransforms took 9.7075ms
[debug]       Load.apply: config.delegates took 0.4613ms
[debug]       Load.apply: Def.make(settings)... took 66.607ms
[debug]       Load.apply: structureIndex took 25.2338ms
[debug]       Load.apply: mkStreams took 0.0029ms
[info] loading project definition from C:\Users\IW\Desktop\fax\projects\Programming Languages Project\Ludo\LudoGame\project
[debug] Running task... Cancel: Signal, check cycles: false, forcegc: true
[warn] Unrecognized repository Scala Plugin Bundled Repository, ignoring it
[warn] Unrecognized repository Scala Plugin Bundled Repository, ignoring it
[debug]     Load.loadUnit: plugins took 4327.4122ms
[debug]     Load.loadUnit: defsScala took 0.002ms
[debug] [Loading] Scanning directory C:\Users\IW\Desktop\fax\projects\Programming Languages Project\Ludo\LudoGame
[debug]       Load.loadUnit: mkEval took 0.2026ms
[debug] [Loading] Found root project root w/ remaining 
[debug] deducing auto plugins based on known facts Set(Atom(sbt.plugins.CorePlugin)) and clauses Clauses(Clause(Atom(sbt.plugins.JvmPlugin),Set(Atom(sbt.plugins.IvyPlugin)))
[debug] Clause(Atom(sbt.ScriptedPlugin),Set(Atom(sbt.plugins.JvmPlugin)))
[debug] Clause(Atom(sbt.plugins.SbtPlugin),Set(Atom(sbt.ScriptedPlugin)))
[debug] Clause(Atom(sbt.plugins.SemanticdbPlugin),Set(Atom(sbt.plugins.JvmPlugin)))
[debug] Clause(Atom(sbt.plugins.JUnitXmlReportPlugin),Set(Atom(sbt.plugins.JvmPlugin)))
[debug] Clause(Atom(sbt.plugins.MiniDependencyTreePlugin),Set(Atom(sbt.plugins.JvmPlugin)))
[debug] Clause(Atom(org.jetbrains.sbt.StructurePlugin),Set(Atom(sbt.plugins.JvmPlugin)))
[debug] Clause(Atom(org.jetbrains.sbt.IdeaShellPlugin),Set(Atom(sbt.plugins.JvmPlugin)))
[debug] Clause(Atom(org.jetbrains.sbt.indices.SbtIntellijIndicesPlugin),Set(Atom(sbt.plugins.JvmPlugin)))
[debug] Clause(Atom(sbt.plugins.CorePlugin),Set(Atom(sbt.plugins.IvyPlugin)))
[debug] Clause(Atom(sbt.plugins.IvyPlugin),Set(Atom(sbt.plugins.JvmPlugin)))
[debug] Clause(Atom(sbt.plugins.JvmPlugin),Set(Atom(sbt.plugins.SemanticdbPlugin)))
[debug] Clause(Atom(sbt.plugins.JvmPlugin),Set(Atom(sbt.plugins.JUnitXmlReportPlugin)))
[debug] Clause(Atom(sbt.plugins.CorePlugin),Set(Atom(sbt.plugins.Giter8TemplatePlugin)))
[debug] Clause(Atom(sbt.plugins.JvmPlugin),Set(Atom(sbt.plugins.MiniDependencyTreePlugin)))
[debug] Clause(Atom(sbt.plugins.JvmPlugin),Set(Atom(org.jetbrains.sbt.StructurePlugin)))
[debug] Clause(Atom(sbt.plugins.JvmPlugin),Set(Atom(org.jetbrains.sbt.IdeaShellPlugin)))
[debug] Clause(And(Set(Atom(sbt.plugins.CorePlugin), Atom(sbt.plugins.JvmPlugin))),Set(Atom(org.jetbrains.sbt.indices.SbtIntellijIndicesPlugin))))
[debug]   :: deduced result: Matched(sbt.plugins.CorePlugin,sbt.plugins.Giter8TemplatePlugin,sbt.plugins.IvyPlugin,sbt.plugins.JvmPlugin,sbt.plugins.SemanticdbPlugin,org.jetbrains.sbt.indices.SbtIntellijIndicesPlugin,sbt.plugins.JUnitXmlReportPlugin,org.jetbrains.sbt.IdeaShellPlugin,org.jetbrains.sbt.StructurePlugin,sbt.plugins.MiniDependencyTreePlugin)
[debug] Plugins.deducer#function took 2.1507 ms
[info] loading settings for project root from build.sbt ...
[debug]         Load.resolveProject(root) took 25.9182ms
[debug]       Load.loadTransitive: finalizeProject(Project(id root, base: C:\Users\IW\Desktop\fax\projects\Programming Languages Project\Ludo\LudoGame, plugins: List(<none>))) took 29.7953ms
[debug] [Loading] Done in C:\Users\IW\Desktop\fax\projects\Programming Languages Project\Ludo\LudoGame, returning: (root)
[debug]     Load.loadUnit: loadedProjectsRaw took 906.0276ms
[debug]     Load.loadUnit: cleanEvalClasses took 21.3699ms
[debug]   Load.loadUnit(file:/C:/Users/IW/Desktop/fax/projects/Programming%20Languages%20Project/Ludo/LudoGame/, ...) took 5255.6098ms
[debug] Load.apply: load took 5257.1939ms
[debug] Load.apply: resolveProjects took 0.1311ms
[debug] Load.apply: finalTransforms took 20.5981ms
[debug] Load.apply: config.delegates took 0.3256ms
[debug] Load.apply: Def.make(settings)... took 46.7212ms
[debug] Load.apply: structureIndex took 26.1175ms
[debug] Load.apply: mkStreams took 0.0027ms
[info] set current project to LudoGame (in build file:/C:/Users/IW/Desktop/fax/projects/Programming%20Languages%20Project/Ludo/LudoGame/)
[debug] > Exec(sbtPopOnFailure, None, None)
[debug] > Exec(resumeFromFailure, None, None)
[debug] > Exec(notifyUsersAboutShell, None, None)
[debug] > Exec(iflast shell, None, None)
[debug] > Exec(; set ideaPort in Global := 64450 ; idea-shell, None, None)
[debug] > Exec(set ideaPort in Global := 64450, None, None)
[info] Defining Global / ideaPort
[info] The new value will be used by Compile / compile, Test / compile
[debug] Defining 
[debug] 	Global / ideaPort
[debug] 
[debug] The new value will be used by 
[debug] 	Compile / compile
[debug] 	Test / compile
[info] Reapplying settings...
[info] set current project to LudoGame (in build file:/C:/Users/IW/Desktop/fax/projects/Programming%20Languages%20Project/Ludo/LudoGame/)
[debug] > Exec(idea-shell, None, None)
